<?xml version="1.0" encoding="UTF-8"?>
<!-- Generated by org.testng.reporters.JUnitXMLReporter -->
<testsuite hostname="ADMIN" name="Default test" tests="14" failures="0" timestamp="16 Aug 2021 17:00:33 GMT" time="13.15" errors="0">
  <testcase name="tc1" time="9.936" classname="org.task.Sample"/>
  <testcase name="tc2" time="0.898" classname="org.task.Sample"/>
  <testcase name="tc4" time="0.132" classname="org.task.Sample"/>
  <testcase name="tc3" time="0.15" classname="org.task.Sample"/>
  <testcase name="tc5" time="0.119" classname="org.task.Sample"/>
  <testcase name="tc7" time="0.111" classname="org.task.Sample"/>
  <testcase name="tc9" time="0.133" classname="org.task.Sample"/>
  <testcase name="tc8" time="0.13" classname="org.task.Sample"/>
  <testcase name="tc10" time="0.149" classname="org.task.Sample"/>
  <testcase name="tc12" time="0.112" classname="org.task.Sample"/>
  <testcase name="tc11" time="0.117" classname="org.task.Sample"/>
  <testcase name="tc13" time="0.12" classname="org.task.Sample"/>
  <testcase name="tc6" time="0.098" classname="org.task.Sample"/>
  <testcase name="tc14" time="0.891" classname="org.task.Sample"/>
</testsuite> <!-- Default test -->
