<?xml version="1.0" encoding="UTF-8"?>
<!-- Generated by org.testng.reporters.JUnitXMLReporter -->
<testsuite hostname="ADMIN" name="Test" tests="2" failures="1" timestamp="14 Aug 2021 16:40:05 GMT" time="9.492" errors="0">
  <testcase name="tc1" time="9.414" classname="org.task.Sample"/>
  <testcase name="tc2" time="0.017" classname="org.task.Sample">
    <failure type="org.testng.internal.reflect.MethodMatcherException" message="
Data provider mismatch
Method: tc2([Parameter{index=0, type=java.lang.String, declaredAnnotations=[]}])
Arguments: [(java.lang.String)Asf,(java.lang.String)Asf@123]">
      <![CDATA[org.testng.internal.reflect.MethodMatcherException: 
Data provider mismatch
Method: tc2([Parameter{index=0, type=java.lang.String, declaredAnnotations=[]}])
Arguments: [(java.lang.String)Asf,(java.lang.String)Asf@123]
... Removed 20 stack frames]]>
    </failure>
  </testcase> <!-- tc2 -->
</testsuite> <!-- Test -->
