<?xml version="1.0" encoding="UTF-8"?>
<!-- Generated by org.testng.reporters.JUnitXMLReporter -->
<testsuite hostname="ADMIN" name="Test(failed)" tests="2" failures="1" timestamp="14 Aug 2021 14:16:13 GMT" time="0.072" errors="0">
  <testcase name="tc1" time="0.024" classname="org.task.Concept">
    <failure type="java.lang.AssertionError" message="expected [false] but found [true]">
      <![CDATA[java.lang.AssertionError: expected [false] but found [true]
	at org.task.Concept.tc1(Concept.java:14)
... Removed 31 stack frames]]>
    </failure>
  </testcase> <!-- tc1 -->
  <testcase name="tc3" time="0.0" classname="org.task.Concept"/>
</testsuite> <!-- Test(failed) -->
